# JRE version: OpenJDK Runtime Environment Microsoft-8035246 (17.0.8+7) (build 17.0.8+7-LTS)
# Java VM: OpenJDK 64-Bit Server VM Microsoft-8035246 (17.0.8+7-LTS, mixed mode, sharing, tiered, compressed oops, compressed class ptrs, g1 gc, windows-amd64)
GC Precious Log:
 CPUs: 4 total, 4 available
 Memory: 16336M
 Large Page Support: Disabled
 NUMA Support: Disabled
 Compressed Oops: Enabled (32-bit)
 Heap Region Size: 1M
 Heap Min Capacity: 8M
 Heap Initial Capacity: 256M
 Heap Max Capacity: 2G
 Pre-touch: Disabled
 Parallel Workers: 4
 Concurrent Workers: 1
 Concurrent Refinement Workers: 4
 Periodic GC: Disabled
Heap:
 garbage-first heap   total 484352K, used 347554K [0x0000000080000000, 0x0000000100000000)
  region size 1024K, 60 young (61440K), 15 survivors (15360K)
 Metaspace       used 111370K, committed 113152K, reserved 557056K
  class space    used 15308K, committed 16128K, reserved 425984K
GC Heap History (20 events):
Event: 80.003 GC heap before
{Heap before GC invocations=41 (full 0):
 garbage-first heap   total 392192K, used 271317K [0x0000000080000000, 0x0000000100000000)
  region size 1024K, 145 young (148480K), 21 survivors (21504K)
 Metaspace       used 89347K, committed 90688K, reserved 557056K
  class space    used 12466K, committed 13056K, reserved 425984K
}
Event: 80.031 GC heap after
{Heap after GC invocations=42 (full 0):
 garbage-first heap   total 392192K, used 168448K [0x0000000080000000, 0x0000000100000000)
  region size 1024K, 19 young (19456K), 19 survivors (19456K)
 Metaspace       used 89347K, committed 90688K, reserved 557056K
  class space    used 12466K, committed 13056K, reserved 425984K
}
Event: 81.229 GC heap before
{Heap before GC invocations=42 (full 0):
 garbage-first heap   total 392192K, used 281088K [0x0000000080000000, 0x0000000100000000)
  region size 1024K, 124 young (126976K), 19 survivors (19456K)
 Metaspace       used 93758K, committed 95104K, reserved 557056K
  class space    used 13052K, committed 13696K, reserved 425984K
}
Event: 81.267 GC heap after
{Heap after GC invocations=43 (full 0):
 garbage-first heap   total 392192K, used 195584K [0x0000000080000000, 0x0000000100000000)
  region size 1024K, 16 young (16384K), 16 survivors (16384K)
 Metaspace       used 93758K, committed 95104K, reserved 557056K
  class space    used 13052K, committed 13696K, reserved 425984K
}
Event: 82.353 GC heap before
{Heap before GC invocations=43 (full 0):
 garbage-first heap   total 392192K, used 295936K [0x0000000080000000, 0x0000000100000000)
  region size 1024K, 108 young (110592K), 16 survivors (16384K)
 Metaspace       used 101948K, committed 103360K, reserved 557056K
  class space    used 14178K, committed 14848K, reserved 425984K
}
Event: 82.375 GC heap after
{Heap after GC invocations=44 (full 0):
 garbage-first heap   total 392192K, used 216576K [0x0000000080000000, 0x0000000100000000)
  region size 1024K, 13 young (13312K), 13 survivors (13312K)
 Metaspace       used 101948K, committed 103360K, reserved 557056K
  class space    used 14178K, committed 14848K, reserved 425984K
}
Event: 83.445 GC heap before
{Heap before GC invocations=44 (full 0):
 garbage-first heap   total 392192K, used 302592K [0x0000000080000000, 0x0000000100000000)
  region size 1024K, 97 young (99328K), 13 survivors (13312K)
 Metaspace       used 104032K, committed 105472K, reserved 557056K
  class space    used 14429K, committed 15040K, reserved 425984K
}
Event: 83.492 GC heap after
{Heap after GC invocations=45 (full 0):
 garbage-first heap   total 392192K, used 234496K [0x0000000080000000, 0x0000000100000000)
  region size 1024K, 13 young (13312K), 13 survivors (13312K)
 Metaspace       used 104032K, committed 105472K, reserved 557056K
  class space    used 14429K, committed 15040K, reserved 425984K
}
Event: 84.203 GC heap before
{Heap before GC invocations=45 (full 0):
 garbage-first heap   total 392192K, used 308224K [0x0000000080000000, 0x0000000100000000)
  region size 1024K, 85 young (87040K), 13 survivors (13312K)
 Metaspace       used 104640K, committed 106112K, reserved 557056K
  class space    used 14486K, committed 15104K, reserved 425984K
}
Event: 84.231 GC heap after
{Heap after GC invocations=46 (full 0):
 garbage-first heap   total 392192K, used 246272K [0x0000000080000000, 0x0000000100000000)
  region size 1024K, 10 young (10240K), 10 survivors (10240K)
 Metaspace       used 104640K, committed 106112K, reserved 557056K
  class space    used 14486K, committed 15104K, reserved 425984K
}
Event: 84.738 GC heap before
{Heap before GC invocations=46 (full 0):
 garbage-first heap   total 392192K, used 314880K [0x0000000080000000, 0x0000000100000000)
  region size 1024K, 77 young (78848K), 10 survivors (10240K)
 Metaspace       used 104879K, committed 106368K, reserved 557056K
  class space    used 14505K, committed 15168K, reserved 425984K
}
Event: 84.757 GC heap after
{Heap after GC invocations=47 (full 0):
 garbage-first heap   total 484352K, used 253914K [0x0000000080000000, 0x0000000100000000)
  region size 1024K, 8 young (8192K), 8 survivors (8192K)
 Metaspace       used 104879K, committed 106368K, reserved 557056K
  class space    used 14505K, committed 15168K, reserved 425984K
}
Event: 85.683 GC heap before
{Heap before GC invocations=47 (full 0):
 garbage-first heap   total 484352K, used 376794K [0x0000000080000000, 0x0000000100000000)
  region size 1024K, 128 young (131072K), 8 survivors (8192K)
 Metaspace       used 109622K, committed 111296K, reserved 557056K
  class space    used 15102K, committed 15808K, reserved 425984K
}
Event: 85.708 GC heap after
{Heap after GC invocations=48 (full 0):
 garbage-first heap   total 484352K, used 267255K [0x0000000080000000, 0x0000000100000000)
  region size 1024K, 16 young (16384K), 16 survivors (16384K)
 Metaspace       used 109622K, committed 111296K, reserved 557056K
  class space    used 15102K, committed 15808K, reserved 425984K
}
Event: 86.557 GC heap before
{Heap before GC invocations=48 (full 0):
 garbage-first heap   total 484352K, used 382967K [0x0000000080000000, 0x0000000100000000)
  region size 1024K, 130 young (133120K), 16 survivors (16384K)
 Metaspace       used 110590K, committed 112320K, reserved 557056K
  class space    used 15198K, committed 16000K, reserved 425984K
}
Event: 86.580 GC heap after
{Heap after GC invocations=49 (full 0):
 garbage-first heap   total 484352K, used 275002K [0x0000000080000000, 0x0000000100000000)
  region size 1024K, 7 young (7168K), 7 survivors (7168K)
 Metaspace       used 110590K, committed 112320K, reserved 557056K
  class space    used 15198K, committed 16000K, reserved 425984K
}
Event: 89.515 GC heap before
{Heap before GC invocations=49 (full 0):
 garbage-first heap   total 484352K, used 390714K [0x0000000080000000, 0x0000000100000000)
  region size 1024K, 120 young (122880K), 7 survivors (7168K)
 Metaspace       used 111075K, committed 112832K, reserved 557056K
  class space    used 15281K, committed 16064K, reserved 425984K
}
Event: 89.536 GC heap after
{Heap after GC invocations=50 (full 0):
 garbage-first heap   total 484352K, used 287744K [0x0000000080000000, 0x0000000100000000)
  region size 1024K, 15 young (15360K), 15 survivors (15360K)
 Metaspace       used 111075K, committed 112832K, reserved 557056K
  class space    used 15281K, committed 16064K, reserved 425984K
}
Event: 93.069 GC heap before
{Heap before GC invocations=50 (full 0):
 garbage-first heap   total 484352K, used 395264K [0x0000000080000000, 0x0000000100000000)
  region size 1024K, 121 young (123904K), 15 survivors (15360K)
 Metaspace       used 111138K, committed 113024K, reserved 557056K
  class space    used 15290K, committed 16128K, reserved 425984K
}
Event: 93.099 GC heap after
{Heap after GC invocations=51 (full 0):
 garbage-first heap   total 484352K, used 302498K [0x0000000080000000, 0x0000000100000000)
  region size 1024K, 15 young (15360K), 15 survivors (15360K)
 Metaspace       used 111138K, committed 113024K, reserved 557056K
  class space    used 15290K, committed 16128K, reserved 425984K
}

