# JRE version: OpenJDK Runtime Environment Microsoft-8035246 (17.0.8+7) (build 17.0.8+7-LTS)
# Java VM: OpenJDK 64-Bit Server VM Microsoft-8035246 (17.0.8+7-LTS, mixed mode, sharing, tiered, compressed oops, compressed class ptrs, g1 gc, windows-amd64)
GC Precious Log:
 CPUs: 4 total, 4 available
 Memory: 16336M
 Large Page Support: Disabled
 NUMA Support: Disabled
 Compressed Oops: Enabled (32-bit)
 Heap Region Size: 1M
 Heap Min Capacity: 8M
 Heap Initial Capacity: 256M
 Heap Max Capacity: 2G
 Pre-touch: Disabled
 Parallel Workers: 4
 Concurrent Workers: 1
 Concurrent Refinement Workers: 4
 Periodic GC: Disabled
Heap:
 garbage-first heap   total 351232K, used 262144K [0x0000000080000000, 0x0000000100000000)
  region size 1024K, 45 young (46080K), 9 survivors (9216K)
 Metaspace       used 104120K, committed 105600K, reserved 557056K
  class space    used 14420K, committed 15104K, reserved 425984K
GC Heap History (20 events):
Event: 38.195 GC heap before
{Heap before GC invocations=27 (full 0):
 garbage-first heap   total 147456K, used 81240K [0x0000000080000000, 0x0000000100000000)
  region size 1024K, 7 young (7168K), 2 survivors (2048K)
 Metaspace       used 69526K, committed 70208K, reserved 491520K
  class space    used 9548K, committed 9856K, reserved 425984K
}
Event: 38.198 GC heap after
{Heap after GC invocations=28 (full 0):
 garbage-first heap   total 147456K, used 76224K [0x0000000080000000, 0x0000000100000000)
  region size 1024K, 1 young (1024K), 1 survivors (1024K)
 Metaspace       used 69526K, committed 70208K, reserved 491520K
  class space    used 9548K, committed 9856K, reserved 425984K
}
Event: 38.634 GC heap before
{Heap before GC invocations=28 (full 0):
 garbage-first heap   total 147456K, used 106944K [0x0000000080000000, 0x0000000100000000)
  region size 1024K, 30 young (30720K), 1 survivors (1024K)
 Metaspace       used 72053K, committed 72704K, reserved 491520K
  class space    used 9866K, committed 10176K, reserved 425984K
}
Event: 38.638 GC heap after
{Heap after GC invocations=29 (full 0):
 garbage-first heap   total 147456K, used 77920K [0x0000000080000000, 0x0000000100000000)
  region size 1024K, 3 young (3072K), 3 survivors (3072K)
 Metaspace       used 72053K, committed 72704K, reserved 491520K
  class space    used 9866K, committed 10176K, reserved 425984K
}
Event: 38.951 GC heap before
{Heap before GC invocations=30 (full 0):
 garbage-first heap   total 147456K, used 105568K [0x0000000080000000, 0x0000000100000000)
  region size 1024K, 33 young (33792K), 3 survivors (3072K)
 Metaspace       used 72326K, committed 73024K, reserved 491520K
  class space    used 9915K, committed 10240K, reserved 425984K
}
Event: 38.958 GC heap after
{Heap after GC invocations=31 (full 0):
 garbage-first heap   total 147456K, used 77995K [0x0000000080000000, 0x0000000100000000)
  region size 1024K, 5 young (5120K), 5 survivors (5120K)
 Metaspace       used 72326K, committed 73024K, reserved 491520K
  class space    used 9915K, committed 10240K, reserved 425984K
}
Event: 38.968 GC heap before
{Heap before GC invocations=31 (full 0):
 garbage-first heap   total 147456K, used 80043K [0x0000000080000000, 0x0000000100000000)
  region size 1024K, 7 young (7168K), 5 survivors (5120K)
 Metaspace       used 72326K, committed 73024K, reserved 491520K
  class space    used 9915K, committed 10240K, reserved 425984K
}
Event: 38.974 GC heap after
{Heap after GC invocations=32 (full 0):
 garbage-first heap   total 351232K, used 77820K [0x0000000080000000, 0x0000000100000000)
  region size 1024K, 1 young (1024K), 1 survivors (1024K)
 Metaspace       used 72326K, committed 73024K, reserved 491520K
  class space    used 9915K, committed 10240K, reserved 425984K
}
Event: 99.082 GC heap before
{Heap before GC invocations=32 (full 0):
 garbage-first heap   total 351232K, used 229372K [0x0000000080000000, 0x0000000100000000)
  region size 1024K, 143 young (146432K), 1 survivors (1024K)
 Metaspace       used 80467K, committed 81280K, reserved 557056K
  class space    used 11263K, committed 11648K, reserved 425984K
}
Event: 99.100 GC heap after
{Heap after GC invocations=33 (full 0):
 garbage-first heap   total 351232K, used 99862K [0x0000000080000000, 0x0000000100000000)
  region size 1024K, 16 young (16384K), 16 survivors (16384K)
 Metaspace       used 80467K, committed 81280K, reserved 557056K
  class space    used 11263K, committed 11648K, reserved 425984K
}
Event: 101.245 GC heap before
{Heap before GC invocations=33 (full 0):
 garbage-first heap   total 351232K, used 249366K [0x0000000080000000, 0x0000000100000000)
  region size 1024K, 155 young (158720K), 16 survivors (16384K)
 Metaspace       used 84570K, committed 85696K, reserved 557056K
  class space    used 11797K, committed 12352K, reserved 425984K
}
Event: 101.278 GC heap after
{Heap after GC invocations=34 (full 0):
 garbage-first heap   total 351232K, used 140987K [0x0000000080000000, 0x0000000100000000)
  region size 1024K, 20 young (20480K), 20 survivors (20480K)
 Metaspace       used 84570K, committed 85696K, reserved 557056K
  class space    used 11797K, committed 12352K, reserved 425984K
}
Event: 102.811 GC heap before
{Heap before GC invocations=34 (full 0):
 garbage-first heap   total 351232K, used 258747K [0x0000000080000000, 0x0000000100000000)
  region size 1024K, 127 young (130048K), 20 survivors (20480K)
 Metaspace       used 91175K, committed 92544K, reserved 557056K
  class space    used 12682K, committed 13312K, reserved 425984K
}
Event: 102.835 GC heap after
{Heap after GC invocations=35 (full 0):
 garbage-first heap   total 351232K, used 169984K [0x0000000080000000, 0x0000000100000000)
  region size 1024K, 16 young (16384K), 16 survivors (16384K)
 Metaspace       used 91175K, committed 92544K, reserved 557056K
  class space    used 12682K, committed 13312K, reserved 425984K
}
Event: 104.078 GC heap before
{Heap before GC invocations=35 (full 0):
 garbage-first heap   total 351232K, used 275456K [0x0000000080000000, 0x0000000100000000)
  region size 1024K, 107 young (109568K), 16 survivors (16384K)
 Metaspace       used 93859K, committed 95232K, reserved 557056K
  class space    used 13045K, committed 13696K, reserved 425984K
}
Event: 104.103 GC heap after
{Heap after GC invocations=36 (full 0):
 garbage-first heap   total 351232K, used 203776K [0x0000000080000000, 0x0000000100000000)
  region size 1024K, 14 young (14336K), 14 survivors (14336K)
 Metaspace       used 93859K, committed 95232K, reserved 557056K
  class space    used 13045K, committed 13696K, reserved 425984K
}
Event: 105.028 GC heap before
{Heap before GC invocations=36 (full 0):
 garbage-first heap   total 351232K, used 273408K [0x0000000080000000, 0x0000000100000000)
  region size 1024K, 82 young (83968K), 14 survivors (14336K)
 Metaspace       used 99897K, committed 101376K, reserved 557056K
  class space    used 13917K, committed 14592K, reserved 425984K
}
Event: 105.048 GC heap after
{Heap after GC invocations=37 (full 0):
 garbage-first heap   total 351232K, used 212480K [0x0000000080000000, 0x0000000100000000)
  region size 1024K, 7 young (7168K), 7 survivors (7168K)
 Metaspace       used 99897K, committed 101376K, reserved 557056K
  class space    used 13917K, committed 14592K, reserved 425984K
}
Event: 106.279 GC heap before
{Heap before GC invocations=37 (full 0):
 garbage-first heap   total 351232K, used 279040K [0x0000000080000000, 0x0000000100000000)
  region size 1024K, 72 young (73728K), 7 survivors (7168K)
 Metaspace       used 103603K, committed 105024K, reserved 557056K
  class space    used 14356K, committed 14976K, reserved 425984K
}
Event: 106.307 GC heap after
{Heap after GC invocations=38 (full 0):
 garbage-first heap   total 351232K, used 226304K [0x0000000080000000, 0x0000000100000000)
  region size 1024K, 9 young (9216K), 9 survivors (9216K)
 Metaspace       used 103603K, committed 105024K, reserved 557056K
  class space    used 14356K, committed 14976K, reserved 425984K
}

